<?xml version="1.0" encoding="UTF-8"?>
<testsuite xmlns:xsi="http://www.w3.org/2001/XMLSchema-instance" xsi:noNamespaceSchemaLocation="https://maven.apache.org/surefire/maven-surefire-plugin/xsd/surefire-test-report-3.0.xsd" version="3.0" name="cds.calculadora.demo.CalculadoraTest" time="0.038" tests="5" errors="0" skipped="0" failures="0">
  <properties>
[...]
</properties>
  <testcase name="testSumar" classname="cds.calculadora.demo.CalculadoraTest" time="0.023"/>
  <testcase name="testMultiplicar" classname="cds.calculadora.demo.CalculadoraTest" time="0"/>
  <testcase name="testDividirPorCero" classname="cds.calculadora.demo.CalculadoraTest" time="0.001"/>
  <testcase name="testDividir" classname="cds.calculadora.demo.CalculadoraTest" time="0.001"/>
  <testcase name="testRestar" classname="cds.calculadora.demo.CalculadoraTest" time="0"/>
</testsuite>